  main.c
c:\users\seyitan\documents\visual studio 2015\projects\csc 301\csc 251- fixed point formula\csc 251- fixed point formula\main.c(61): warning C4267: 'initializing': conversion from 'size_t' to 'int', possible loss of data
c:\users\seyitan\documents\visual studio 2015\projects\csc 301\csc 251- fixed point formula\csc 251- fixed point formula\main.c(86): warning C4244: '-=': conversion from 'double' to 'float', possible loss of data
c:\users\seyitan\documents\visual studio 2015\projects\csc 301\csc 251- fixed point formula\csc 251- fixed point formula\main.c(156): warning C4047: 'function': 'char *const ' differs in levels of indirection from 'char *[150]'
c:\users\seyitan\documents\visual studio 2015\projects\csc 301\csc 251- fixed point formula\csc 251- fixed point formula\main.c(156): warning C4024: 'sprintf': different types for formal and actual parameter 1
c:\users\seyitan\documents\visual studio 2015\projects\csc 301\csc 251- fixed point formula\csc 251- fixed point formula\main.c(156): warning C4047: 'function': 'char *' differs in levels of indirection from 'char *[150]'
c:\users\seyitan\documents\visual studio 2015\projects\csc 301\csc 251- fixed point formula\csc 251- fixed point formula\main.c(156): warning C4024: 'printAnimate': different types for formal and actual parameter 1
c:\users\seyitan\documents\visual studio 2015\projects\csc 301\csc 251- fixed point formula\csc 251- fixed point formula\main.c(157): warning C4047: 'function': 'char *const ' differs in levels of indirection from 'char *[150]'
c:\users\seyitan\documents\visual studio 2015\projects\csc 301\csc 251- fixed point formula\csc 251- fixed point formula\main.c(157): warning C4024: 'sprintf': different types for formal and actual parameter 1
c:\users\seyitan\documents\visual studio 2015\projects\csc 301\csc 251- fixed point formula\csc 251- fixed point formula\main.c(157): warning C4047: 'function': 'char *' differs in levels of indirection from 'char *[150]'
c:\users\seyitan\documents\visual studio 2015\projects\csc 301\csc 251- fixed point formula\csc 251- fixed point formula\main.c(157): warning C4024: 'printAnimate': different types for formal and actual parameter 1
c:\users\seyitan\documents\visual studio 2015\projects\csc 301\csc 251- fixed point formula\csc 251- fixed point formula\main.c(158): warning C4047: 'function': 'char *const ' differs in levels of indirection from 'char *[150]'
c:\users\seyitan\documents\visual studio 2015\projects\csc 301\csc 251- fixed point formula\csc 251- fixed point formula\main.c(158): warning C4024: 'sprintf': different types for formal and actual parameter 1
c:\users\seyitan\documents\visual studio 2015\projects\csc 301\csc 251- fixed point formula\csc 251- fixed point formula\main.c(158): warning C4047: 'function': 'char *' differs in levels of indirection from 'char *[150]'
c:\users\seyitan\documents\visual studio 2015\projects\csc 301\csc 251- fixed point formula\csc 251- fixed point formula\main.c(158): warning C4024: 'printAnimate': different types for formal and actual parameter 1
c:\users\seyitan\documents\visual studio 2015\projects\csc 301\csc 251- fixed point formula\csc 251- fixed point formula\main.c(159): warning C4047: 'function': 'char *const ' differs in levels of indirection from 'char *[150]'
c:\users\seyitan\documents\visual studio 2015\projects\csc 301\csc 251- fixed point formula\csc 251- fixed point formula\main.c(159): warning C4024: 'sprintf': different types for formal and actual parameter 1
c:\users\seyitan\documents\visual studio 2015\projects\csc 301\csc 251- fixed point formula\csc 251- fixed point formula\main.c(159): warning C4047: 'function': 'char *' differs in levels of indirection from 'char *[150]'
c:\users\seyitan\documents\visual studio 2015\projects\csc 301\csc 251- fixed point formula\csc 251- fixed point formula\main.c(159): warning C4024: 'printAnimate': different types for formal and actual parameter 1
c:\users\seyitan\documents\visual studio 2015\projects\csc 301\csc 251- fixed point formula\csc 251- fixed point formula\main.c(160): warning C4047: 'function': 'char *const ' differs in levels of indirection from 'char *[150]'
c:\users\seyitan\documents\visual studio 2015\projects\csc 301\csc 251- fixed point formula\csc 251- fixed point formula\main.c(160): warning C4024: 'sprintf': different types for formal and actual parameter 1
c:\users\seyitan\documents\visual studio 2015\projects\csc 301\csc 251- fixed point formula\csc 251- fixed point formula\main.c(160): warning C4047: 'function': 'char *' differs in levels of indirection from 'char *[150]'
c:\users\seyitan\documents\visual studio 2015\projects\csc 301\csc 251- fixed point formula\csc 251- fixed point formula\main.c(160): warning C4024: 'printAnimate': different types for formal and actual parameter 1
c:\users\seyitan\documents\visual studio 2015\projects\csc 301\csc 251- fixed point formula\csc 251- fixed point formula\main.c(161): warning C4047: 'function': 'char *const ' differs in levels of indirection from 'char *[150]'
c:\users\seyitan\documents\visual studio 2015\projects\csc 301\csc 251- fixed point formula\csc 251- fixed point formula\main.c(161): warning C4024: 'sprintf': different types for formal and actual parameter 1
c:\users\seyitan\documents\visual studio 2015\projects\csc 301\csc 251- fixed point formula\csc 251- fixed point formula\main.c(161): warning C4047: 'function': 'char *' differs in levels of indirection from 'char *[150]'
c:\users\seyitan\documents\visual studio 2015\projects\csc 301\csc 251- fixed point formula\csc 251- fixed point formula\main.c(161): warning C4024: 'printAnimate': different types for formal and actual parameter 1
c:\users\seyitan\documents\visual studio 2015\projects\csc 301\csc 251- fixed point formula\csc 251- fixed point formula\main.c(162): warning C4047: 'function': 'char *const ' differs in levels of indirection from 'char *[150]'
c:\users\seyitan\documents\visual studio 2015\projects\csc 301\csc 251- fixed point formula\csc 251- fixed point formula\main.c(162): warning C4024: 'sprintf': different types for formal and actual parameter 1
c:\users\seyitan\documents\visual studio 2015\projects\csc 301\csc 251- fixed point formula\csc 251- fixed point formula\main.c(162): warning C4047: 'function': 'char *' differs in levels of indirection from 'char *[150]'
c:\users\seyitan\documents\visual studio 2015\projects\csc 301\csc 251- fixed point formula\csc 251- fixed point formula\main.c(162): warning C4024: 'printAnimate': different types for formal and actual parameter 1
c:\users\seyitan\documents\visual studio 2015\projects\csc 301\csc 251- fixed point formula\csc 251- fixed point formula\main.c(163): warning C4047: 'function': 'char *const ' differs in levels of indirection from 'char *[150]'
c:\users\seyitan\documents\visual studio 2015\projects\csc 301\csc 251- fixed point formula\csc 251- fixed point formula\main.c(163): warning C4024: 'sprintf': different types for formal and actual parameter 1
c:\users\seyitan\documents\visual studio 2015\projects\csc 301\csc 251- fixed point formula\csc 251- fixed point formula\main.c(163): warning C4047: 'function': 'char *' differs in levels of indirection from 'char *[150]'
c:\users\seyitan\documents\visual studio 2015\projects\csc 301\csc 251- fixed point formula\csc 251- fixed point formula\main.c(163): warning C4024: 'printAnimate': different types for formal and actual parameter 1
c:\users\seyitan\documents\visual studio 2015\projects\csc 301\csc 251- fixed point formula\csc 251- fixed point formula\main.c(164): warning C4047: 'function': 'char *const ' differs in levels of indirection from 'char *[150]'
c:\users\seyitan\documents\visual studio 2015\projects\csc 301\csc 251- fixed point formula\csc 251- fixed point formula\main.c(164): warning C4024: 'sprintf': different types for formal and actual parameter 1
c:\users\seyitan\documents\visual studio 2015\projects\csc 301\csc 251- fixed point formula\csc 251- fixed point formula\main.c(164): warning C4047: 'function': 'char *' differs in levels of indirection from 'char *[150]'
c:\users\seyitan\documents\visual studio 2015\projects\csc 301\csc 251- fixed point formula\csc 251- fixed point formula\main.c(164): warning C4024: 'printAnimate': different types for formal and actual parameter 1
c:\users\seyitan\documents\visual studio 2015\projects\csc 301\csc 251- fixed point formula\csc 251- fixed point formula\main.c(165): warning C4047: 'function': 'char *const ' differs in levels of indirection from 'char *[150]'
c:\users\seyitan\documents\visual studio 2015\projects\csc 301\csc 251- fixed point formula\csc 251- fixed point formula\main.c(165): warning C4024: 'sprintf': different types for formal and actual parameter 1
c:\users\seyitan\documents\visual studio 2015\projects\csc 301\csc 251- fixed point formula\csc 251- fixed point formula\main.c(165): warning C4047: 'function': 'char *' differs in levels of indirection from 'char *[150]'
c:\users\seyitan\documents\visual studio 2015\projects\csc 301\csc 251- fixed point formula\csc 251- fixed point formula\main.c(165): warning C4024: 'printAnimate': different types for formal and actual parameter 1
c:\users\seyitan\documents\visual studio 2015\projects\csc 301\csc 251- fixed point formula\csc 251- fixed point formula\main.c(166): warning C4047: 'function': 'char *const ' differs in levels of indirection from 'char *[150]'
c:\users\seyitan\documents\visual studio 2015\projects\csc 301\csc 251- fixed point formula\csc 251- fixed point formula\main.c(166): warning C4024: 'sprintf': different types for formal and actual parameter 1
c:\users\seyitan\documents\visual studio 2015\projects\csc 301\csc 251- fixed point formula\csc 251- fixed point formula\main.c(166): warning C4047: 'function': 'char *' differs in levels of indirection from 'char *[150]'
c:\users\seyitan\documents\visual studio 2015\projects\csc 301\csc 251- fixed point formula\csc 251- fixed point formula\main.c(166): warning C4024: 'printAnimate': different types for formal and actual parameter 1
c:\users\seyitan\documents\visual studio 2015\projects\csc 301\csc 251- fixed point formula\csc 251- fixed point formula\main.c(167): warning C4047: 'function': 'char *const ' differs in levels of indirection from 'char *[150]'
c:\users\seyitan\documents\visual studio 2015\projects\csc 301\csc 251- fixed point formula\csc 251- fixed point formula\main.c(167): warning C4024: 'sprintf': different types for formal and actual parameter 1
c:\users\seyitan\documents\visual studio 2015\projects\csc 301\csc 251- fixed point formula\csc 251- fixed point formula\main.c(167): warning C4047: 'function': 'char *' differs in levels of indirection from 'char *[150]'
c:\users\seyitan\documents\visual studio 2015\projects\csc 301\csc 251- fixed point formula\csc 251- fixed point formula\main.c(167): warning C4024: 'printAnimate': different types for formal and actual parameter 1
c:\users\seyitan\documents\visual studio 2015\projects\csc 301\csc 251- fixed point formula\csc 251- fixed point formula\main.c(168): warning C4047: 'function': 'char *const ' differs in levels of indirection from 'char *[150]'
c:\users\seyitan\documents\visual studio 2015\projects\csc 301\csc 251- fixed point formula\csc 251- fixed point formula\main.c(168): warning C4024: 'sprintf': different types for formal and actual parameter 1
c:\users\seyitan\documents\visual studio 2015\projects\csc 301\csc 251- fixed point formula\csc 251- fixed point formula\main.c(168): warning C4047: 'function': 'char *' differs in levels of indirection from 'char *[150]'
c:\users\seyitan\documents\visual studio 2015\projects\csc 301\csc 251- fixed point formula\csc 251- fixed point formula\main.c(168): warning C4024: 'printAnimate': different types for formal and actual parameter 1
c:\users\seyitan\documents\visual studio 2015\projects\csc 301\csc 251- fixed point formula\csc 251- fixed point formula\main.c(178): warning C4047: 'function': 'char *const ' differs in levels of indirection from 'char *[150]'
c:\users\seyitan\documents\visual studio 2015\projects\csc 301\csc 251- fixed point formula\csc 251- fixed point formula\main.c(178): warning C4024: 'sprintf': different types for formal and actual parameter 1
c:\users\seyitan\documents\visual studio 2015\projects\csc 301\csc 251- fixed point formula\csc 251- fixed point formula\main.c(178): warning C4047: 'function': 'char *' differs in levels of indirection from 'char *[150]'
c:\users\seyitan\documents\visual studio 2015\projects\csc 301\csc 251- fixed point formula\csc 251- fixed point formula\main.c(178): warning C4024: 'printAnimate': different types for formal and actual parameter 1
c:\users\seyitan\documents\visual studio 2015\projects\csc 301\csc 251- fixed point formula\csc 251- fixed point formula\main.c(186): warning C4047: 'function': 'char *const ' differs in levels of indirection from 'char *[150]'
c:\users\seyitan\documents\visual studio 2015\projects\csc 301\csc 251- fixed point formula\csc 251- fixed point formula\main.c(186): warning C4024: 'sprintf': different types for formal and actual parameter 1
c:\users\seyitan\documents\visual studio 2015\projects\csc 301\csc 251- fixed point formula\csc 251- fixed point formula\main.c(186): warning C4047: 'function': 'char *' differs in levels of indirection from 'char *[150]'
c:\users\seyitan\documents\visual studio 2015\projects\csc 301\csc 251- fixed point formula\csc 251- fixed point formula\main.c(186): warning C4024: 'printAnimate': different types for formal and actual parameter 1
c:\users\seyitan\documents\visual studio 2015\projects\csc 301\csc 251- fixed point formula\csc 251- fixed point formula\main.c(192): warning C4047: 'function': 'char *const ' differs in levels of indirection from 'char *[150]'
c:\users\seyitan\documents\visual studio 2015\projects\csc 301\csc 251- fixed point formula\csc 251- fixed point formula\main.c(192): warning C4024: 'sprintf': different types for formal and actual parameter 1
c:\users\seyitan\documents\visual studio 2015\projects\csc 301\csc 251- fixed point formula\csc 251- fixed point formula\main.c(192): warning C4047: 'function': 'char *' differs in levels of indirection from 'char *[150]'
c:\users\seyitan\documents\visual studio 2015\projects\csc 301\csc 251- fixed point formula\csc 251- fixed point formula\main.c(192): warning C4024: 'printAnimate': different types for formal and actual parameter 1
c:\users\seyitan\documents\visual studio 2015\projects\csc 301\csc 251- fixed point formula\csc 251- fixed point formula\main.c(194): warning C4047: 'function': 'char *const ' differs in levels of indirection from 'char *[150]'
c:\users\seyitan\documents\visual studio 2015\projects\csc 301\csc 251- fixed point formula\csc 251- fixed point formula\main.c(194): warning C4024: 'sprintf': different types for formal and actual parameter 1
c:\users\seyitan\documents\visual studio 2015\projects\csc 301\csc 251- fixed point formula\csc 251- fixed point formula\main.c(194): warning C4047: 'function': 'char *' differs in levels of indirection from 'char *[150]'
c:\users\seyitan\documents\visual studio 2015\projects\csc 301\csc 251- fixed point formula\csc 251- fixed point formula\main.c(194): warning C4024: 'printAnimate': different types for formal and actual parameter 1
c:\users\seyitan\documents\visual studio 2015\projects\csc 301\csc 251- fixed point formula\csc 251- fixed point formula\main.c(199): warning C4047: 'function': 'char *const ' differs in levels of indirection from 'char *[150]'
c:\users\seyitan\documents\visual studio 2015\projects\csc 301\csc 251- fixed point formula\csc 251- fixed point formula\main.c(199): warning C4024: 'sprintf': different types for formal and actual parameter 1
c:\users\seyitan\documents\visual studio 2015\projects\csc 301\csc 251- fixed point formula\csc 251- fixed point formula\main.c(199): warning C4047: 'function': 'char *' differs in levels of indirection from 'char *[150]'
c:\users\seyitan\documents\visual studio 2015\projects\csc 301\csc 251- fixed point formula\csc 251- fixed point formula\main.c(199): warning C4024: 'printAnimate': different types for formal and actual parameter 1
c:\users\seyitan\documents\visual studio 2015\projects\csc 301\csc 251- fixed point formula\csc 251- fixed point formula\main.c(205): warning C4047: 'function': 'char *const ' differs in levels of indirection from 'char *[150]'
c:\users\seyitan\documents\visual studio 2015\projects\csc 301\csc 251- fixed point formula\csc 251- fixed point formula\main.c(205): warning C4024: 'sprintf': different types for formal and actual parameter 1
c:\users\seyitan\documents\visual studio 2015\projects\csc 301\csc 251- fixed point formula\csc 251- fixed point formula\main.c(205): warning C4047: 'function': 'char *' differs in levels of indirection from 'char *[150]'
c:\users\seyitan\documents\visual studio 2015\projects\csc 301\csc 251- fixed point formula\csc 251- fixed point formula\main.c(205): warning C4024: 'printAnimate': different types for formal and actual parameter 1
c:\users\seyitan\documents\visual studio 2015\projects\csc 301\csc 251- fixed point formula\csc 251- fixed point formula\main.c(209): warning C4047: 'function': 'char *const ' differs in levels of indirection from 'char *[150]'
c:\users\seyitan\documents\visual studio 2015\projects\csc 301\csc 251- fixed point formula\csc 251- fixed point formula\main.c(209): warning C4024: 'sprintf': different types for formal and actual parameter 1
c:\users\seyitan\documents\visual studio 2015\projects\csc 301\csc 251- fixed point formula\csc 251- fixed point formula\main.c(209): warning C4047: 'function': 'char *' differs in levels of indirection from 'char *[150]'
c:\users\seyitan\documents\visual studio 2015\projects\csc 301\csc 251- fixed point formula\csc 251- fixed point formula\main.c(209): warning C4024: 'printAnimate': different types for formal and actual parameter 1
c:\users\seyitan\documents\visual studio 2015\projects\csc 301\csc 251- fixed point formula\csc 251- fixed point formula\main.c(214): warning C4047: 'function': 'char *const ' differs in levels of indirection from 'char *[150]'
c:\users\seyitan\documents\visual studio 2015\projects\csc 301\csc 251- fixed point formula\csc 251- fixed point formula\main.c(214): warning C4024: 'sprintf': different types for formal and actual parameter 1
c:\users\seyitan\documents\visual studio 2015\projects\csc 301\csc 251- fixed point formula\csc 251- fixed point formula\main.c(214): warning C4047: 'function': 'char *' differs in levels of indirection from 'char *[150]'
c:\users\seyitan\documents\visual studio 2015\projects\csc 301\csc 251- fixed point formula\csc 251- fixed point formula\main.c(214): warning C4024: 'printAnimate': different types for formal and actual parameter 1
c:\users\seyitan\documents\visual studio 2015\projects\csc 301\csc 251- fixed point formula\csc 251- fixed point formula\main.c(217): warning C4047: 'function': 'char *const ' differs in levels of indirection from 'char *[150]'
c:\users\seyitan\documents\visual studio 2015\projects\csc 301\csc 251- fixed point formula\csc 251- fixed point formula\main.c(217): warning C4024: 'sprintf': different types for formal and actual parameter 1
c:\users\seyitan\documents\visual studio 2015\projects\csc 301\csc 251- fixed point formula\csc 251- fixed point formula\main.c(217): warning C4047: 'function': 'char *' differs in levels of indirection from 'char *[150]'
c:\users\seyitan\documents\visual studio 2015\projects\csc 301\csc 251- fixed point formula\csc 251- fixed point formula\main.c(217): warning C4024: 'printAnimate': different types for formal and actual parameter 1
c:\users\seyitan\documents\visual studio 2015\projects\csc 301\csc 251- fixed point formula\csc 251- fixed point formula\main.c(222): warning C4047: 'function': 'char *const ' differs in levels of indirection from 'char *[150]'
c:\users\seyitan\documents\visual studio 2015\projects\csc 301\csc 251- fixed point formula\csc 251- fixed point formula\main.c(222): warning C4024: 'sprintf': different types for formal and actual parameter 1
c:\users\seyitan\documents\visual studio 2015\projects\csc 301\csc 251- fixed point formula\csc 251- fixed point formula\main.c(222): warning C4047: 'function': 'char *' differs in levels of indirection from 'char *[150]'
c:\users\seyitan\documents\visual studio 2015\projects\csc 301\csc 251- fixed point formula\csc 251- fixed point formula\main.c(222): warning C4024: 'printAnimate': different types for formal and actual parameter 1
c:\users\seyitan\documents\visual studio 2015\projects\csc 301\csc 251- fixed point formula\csc 251- fixed point formula\main.c(228): warning C4047: 'function': 'char *const ' differs in levels of indirection from 'char *[150]'
c:\users\seyitan\documents\visual studio 2015\projects\csc 301\csc 251- fixed point formula\csc 251- fixed point formula\main.c(228): warning C4024: 'sprintf': different types for formal and actual parameter 1
c:\users\seyitan\documents\visual studio 2015\projects\csc 301\csc 251- fixed point formula\csc 251- fixed point formula\main.c(228): warning C4047: 'function': 'char *' differs in levels of indirection from 'char *[150]'
c:\users\seyitan\documents\visual studio 2015\projects\csc 301\csc 251- fixed point formula\csc 251- fixed point formula\main.c(228): warning C4024: 'printAnimate': different types for formal and actual parameter 1
c:\users\seyitan\documents\visual studio 2015\projects\csc 301\csc 251- fixed point formula\csc 251- fixed point formula\main.c(236): warning C4047: 'function': 'char *const ' differs in levels of indirection from 'char *[150]'
c:\users\seyitan\documents\visual studio 2015\projects\csc 301\csc 251- fixed point formula\csc 251- fixed point formula\main.c(236): warning C4024: 'sprintf': different types for formal and actual parameter 1
c:\users\seyitan\documents\visual studio 2015\projects\csc 301\csc 251- fixed point formula\csc 251- fixed point formula\main.c(236): warning C4047: 'function': 'char *' differs in levels of indirection from 'char *[150]'
c:\users\seyitan\documents\visual studio 2015\projects\csc 301\csc 251- fixed point formula\csc 251- fixed point formula\main.c(236): warning C4024: 'printAnimate': different types for formal and actual parameter 1
c:\users\seyitan\documents\visual studio 2015\projects\csc 301\csc 251- fixed point formula\csc 251- fixed point formula\main.c(241): warning C4047: 'function': 'char *const ' differs in levels of indirection from 'char *[150]'
c:\users\seyitan\documents\visual studio 2015\projects\csc 301\csc 251- fixed point formula\csc 251- fixed point formula\main.c(241): warning C4024: 'sprintf': different types for formal and actual parameter 1
c:\users\seyitan\documents\visual studio 2015\projects\csc 301\csc 251- fixed point formula\csc 251- fixed point formula\main.c(241): warning C4047: 'function': 'char *' differs in levels of indirection from 'char *[150]'
c:\users\seyitan\documents\visual studio 2015\projects\csc 301\csc 251- fixed point formula\csc 251- fixed point formula\main.c(241): warning C4024: 'printAnimate': different types for formal and actual parameter 1
c:\users\seyitan\documents\visual studio 2015\projects\csc 301\csc 251- fixed point formula\csc 251- fixed point formula\main.c(276): warning C4047: 'function': 'char *const ' differs in levels of indirection from 'char *[150]'
c:\users\seyitan\documents\visual studio 2015\projects\csc 301\csc 251- fixed point formula\csc 251- fixed point formula\main.c(276): warning C4024: 'sprintf': different types for formal and actual parameter 1
c:\users\seyitan\documents\visual studio 2015\projects\csc 301\csc 251- fixed point formula\csc 251- fixed point formula\main.c(276): warning C4047: 'function': 'char *' differs in levels of indirection from 'char *[150]'
c:\users\seyitan\documents\visual studio 2015\projects\csc 301\csc 251- fixed point formula\csc 251- fixed point formula\main.c(276): warning C4024: 'printAnimate': different types for formal and actual parameter 1
c:\users\seyitan\documents\visual studio 2015\projects\csc 301\csc 251- fixed point formula\csc 251- fixed point formula\main.c(277): warning C4047: 'function': 'char *const ' differs in levels of indirection from 'char *[150]'
c:\users\seyitan\documents\visual studio 2015\projects\csc 301\csc 251- fixed point formula\csc 251- fixed point formula\main.c(277): warning C4024: 'sprintf': different types for formal and actual parameter 1
c:\users\seyitan\documents\visual studio 2015\projects\csc 301\csc 251- fixed point formula\csc 251- fixed point formula\main.c(277): warning C4047: 'function': 'char *' differs in levels of indirection from 'char *[150]'
c:\users\seyitan\documents\visual studio 2015\projects\csc 301\csc 251- fixed point formula\csc 251- fixed point formula\main.c(277): warning C4024: 'printAnimate': different types for formal and actual parameter 1
c:\users\seyitan\documents\visual studio 2015\projects\csc 301\csc 251- fixed point formula\csc 251- fixed point formula\main.c(279): warning C4047: 'function': 'char *const ' differs in levels of indirection from 'char *[150]'
c:\users\seyitan\documents\visual studio 2015\projects\csc 301\csc 251- fixed point formula\csc 251- fixed point formula\main.c(279): warning C4024: 'sprintf': different types for formal and actual parameter 1
c:\users\seyitan\documents\visual studio 2015\projects\csc 301\csc 251- fixed point formula\csc 251- fixed point formula\main.c(279): warning C4047: 'function': 'char *' differs in levels of indirection from 'char *[150]'
c:\users\seyitan\documents\visual studio 2015\projects\csc 301\csc 251- fixed point formula\csc 251- fixed point formula\main.c(279): warning C4024: 'printAnimate': different types for formal and actual parameter 1
c:\users\seyitan\documents\visual studio 2015\projects\csc 301\csc 251- fixed point formula\csc 251- fixed point formula\main.c(280): warning C4047: 'function': 'char *const ' differs in levels of indirection from 'char *[150]'
c:\users\seyitan\documents\visual studio 2015\projects\csc 301\csc 251- fixed point formula\csc 251- fixed point formula\main.c(280): warning C4024: 'sprintf': different types for formal and actual parameter 1
c:\users\seyitan\documents\visual studio 2015\projects\csc 301\csc 251- fixed point formula\csc 251- fixed point formula\main.c(280): warning C4047: 'function': 'char *' differs in levels of indirection from 'char *[150]'
c:\users\seyitan\documents\visual studio 2015\projects\csc 301\csc 251- fixed point formula\csc 251- fixed point formula\main.c(280): warning C4024: 'printAnimate': different types for formal and actual parameter 1
c:\users\seyitan\documents\visual studio 2015\projects\csc 301\csc 251- fixed point formula\csc 251- fixed point formula\main.c(286): warning C4047: 'function': 'char *const ' differs in levels of indirection from 'char *[150]'
c:\users\seyitan\documents\visual studio 2015\projects\csc 301\csc 251- fixed point formula\csc 251- fixed point formula\main.c(286): warning C4024: 'sprintf': different types for formal and actual parameter 1
c:\users\seyitan\documents\visual studio 2015\projects\csc 301\csc 251- fixed point formula\csc 251- fixed point formula\main.c(286): warning C4047: 'function': 'char *' differs in levels of indirection from 'char *[150]'
c:\users\seyitan\documents\visual studio 2015\projects\csc 301\csc 251- fixed point formula\csc 251- fixed point formula\main.c(286): warning C4024: 'printAnimate': different types for formal and actual parameter 1
c:\users\seyitan\documents\visual studio 2015\projects\csc 301\csc 251- fixed point formula\csc 251- fixed point formula\main.c(289): warning C4047: 'function': 'char *const ' differs in levels of indirection from 'char *[150]'
c:\users\seyitan\documents\visual studio 2015\projects\csc 301\csc 251- fixed point formula\csc 251- fixed point formula\main.c(289): warning C4024: 'sprintf': different types for formal and actual parameter 1
c:\users\seyitan\documents\visual studio 2015\projects\csc 301\csc 251- fixed point formula\csc 251- fixed point formula\main.c(289): warning C4047: 'function': 'char *' differs in levels of indirection from 'char *[150]'
c:\users\seyitan\documents\visual studio 2015\projects\csc 301\csc 251- fixed point formula\csc 251- fixed point formula\main.c(289): warning C4024: 'printAnimate': different types for formal and actual parameter 1
c:\users\seyitan\documents\visual studio 2015\projects\csc 301\csc 251- fixed point formula\csc 251- fixed point formula\main.c(292): warning C4047: 'function': 'char *const ' differs in levels of indirection from 'char *[150]'
c:\users\seyitan\documents\visual studio 2015\projects\csc 301\csc 251- fixed point formula\csc 251- fixed point formula\main.c(292): warning C4024: 'sprintf': different types for formal and actual parameter 1
c:\users\seyitan\documents\visual studio 2015\projects\csc 301\csc 251- fixed point formula\csc 251- fixed point formula\main.c(292): warning C4047: 'function': 'char *' differs in levels of indirection from 'char *[150]'
c:\users\seyitan\documents\visual studio 2015\projects\csc 301\csc 251- fixed point formula\csc 251- fixed point formula\main.c(292): warning C4024: 'printAnimate': different types for formal and actual parameter 1
c:\users\seyitan\documents\visual studio 2015\projects\csc 301\csc 251- fixed point formula\csc 251- fixed point formula\main.c(294): warning C4047: 'function': 'char *const ' differs in levels of indirection from 'char *[150]'
c:\users\seyitan\documents\visual studio 2015\projects\csc 301\csc 251- fixed point formula\csc 251- fixed point formula\main.c(294): warning C4024: 'sprintf': different types for formal and actual parameter 1
c:\users\seyitan\documents\visual studio 2015\projects\csc 301\csc 251- fixed point formula\csc 251- fixed point formula\main.c(294): warning C4047: 'function': 'char *' differs in levels of indirection from 'char *[150]'
c:\users\seyitan\documents\visual studio 2015\projects\csc 301\csc 251- fixed point formula\csc 251- fixed point formula\main.c(294): warning C4024: 'printAnimate': different types for formal and actual parameter 1
c:\users\seyitan\documents\visual studio 2015\projects\csc 301\csc 251- fixed point formula\csc 251- fixed point formula\main.c(296): warning C4047: 'function': 'char *const ' differs in levels of indirection from 'char *[150]'
c:\users\seyitan\documents\visual studio 2015\projects\csc 301\csc 251- fixed point formula\csc 251- fixed point formula\main.c(296): warning C4024: 'sprintf': different types for formal and actual parameter 1
c:\users\seyitan\documents\visual studio 2015\projects\csc 301\csc 251- fixed point formula\csc 251- fixed point formula\main.c(296): warning C4047: 'function': 'char *' differs in levels of indirection from 'char *[150]'
c:\users\seyitan\documents\visual studio 2015\projects\csc 301\csc 251- fixed point formula\csc 251- fixed point formula\main.c(296): warning C4024: 'printAnimate': different types for formal and actual parameter 1
c:\users\seyitan\documents\visual studio 2015\projects\csc 301\csc 251- fixed point formula\csc 251- fixed point formula\main.c(299): warning C4047: 'function': 'char *const ' differs in levels of indirection from 'char *[150]'
c:\users\seyitan\documents\visual studio 2015\projects\csc 301\csc 251- fixed point formula\csc 251- fixed point formula\main.c(299): warning C4024: 'sprintf': different types for formal and actual parameter 1
c:\users\seyitan\documents\visual studio 2015\projects\csc 301\csc 251- fixed point formula\csc 251- fixed point formula\main.c(299): warning C4129: 'T': unrecognized character escape sequence
c:\users\seyitan\documents\visual studio 2015\projects\csc 301\csc 251- fixed point formula\csc 251- fixed point formula\main.c(299): warning C4047: 'function': 'char *' differs in levels of indirection from 'char *[150]'
c:\users\seyitan\documents\visual studio 2015\projects\csc 301\csc 251- fixed point formula\csc 251- fixed point formula\main.c(299): warning C4024: 'printAnimate': different types for formal and actual parameter 1
c:\users\seyitan\documents\visual studio 2015\projects\csc 301\csc 251- fixed point formula\csc 251- fixed point formula\main.c(304): warning C4047: 'function': 'char *const ' differs in levels of indirection from 'char *[150]'
c:\users\seyitan\documents\visual studio 2015\projects\csc 301\csc 251- fixed point formula\csc 251- fixed point formula\main.c(304): warning C4024: 'sprintf': different types for formal and actual parameter 1
c:\users\seyitan\documents\visual studio 2015\projects\csc 301\csc 251- fixed point formula\csc 251- fixed point formula\main.c(304): warning C4047: 'function': 'char *' differs in levels of indirection from 'char *[150]'
c:\users\seyitan\documents\visual studio 2015\projects\csc 301\csc 251- fixed point formula\csc 251- fixed point formula\main.c(304): warning C4024: 'printAnimate': different types for formal and actual parameter 1
c:\users\seyitan\documents\visual studio 2015\projects\csc 301\csc 251- fixed point formula\csc 251- fixed point formula\main.c(145): warning C4102: 'start': unreferenced label
  CSC 251- FIXED POINT FORMULA.vcxproj -> C:\Users\Seyitan\Documents\Visual Studio 2015\Projects\CSC 301\CSC 251- FIXED POINT FORMULA\x64\Debug\CSC 251- FIXED POINT FORMULA.exe
